# JRE version: OpenJDK Runtime Environment Temurin-21.0.10+7 (21.0.10+7) (build 21.0.10+7-LTS)
# Java VM: OpenJDK 64-Bit Server VM Temurin-21.0.10+7 (21.0.10+7-LTS, mixed mode, sharing, tiered, compressed oops, compressed class ptrs, parallel gc, windows-amd64)
GC Precious Log:
 CardTable entry size: 512
 CPUs: 12 total, 12 available
 Memory: 16068M
 Large Page Support: Disabled
 NUMA Support: Disabled
 Compressed Oops: Enabled (32-bit)
 Alignments: Space 512K, Generation 512K, Heap 2M
 Heap Min Capacity: 100M
 Heap Initial Capacity: 100M
 Heap Max Capacity: 2G
 Pre-touch: Disabled
 Parallel Workers: 10
Heap:
 PSYoungGen      total 25600K, used 24128K [0x00000000d5580000, 0x00000000d7900000, 0x0000000100000000)
  eden space 22016K, 99% used [0x00000000d5580000,0x00000000d6aead00,0x00000000d6b00000)
  from space 3584K, 61% used [0x00000000d6b00000,0x00000000d6d25380,0x00000000d6e80000)
  to   space 2560K, 0% used [0x00000000d7680000,0x00000000d7680000,0x00000000d7900000)
 ParOldGen       total 68608K, used 22150K [0x0000000080000000, 0x0000000084300000, 0x00000000d5580000)
  object space 68608K, 32% used [0x0000000080000000,0x00000000815a1ba8,0x0000000084300000)
 Metaspace       used 40837K, committed 42048K, reserved 1114112K
  class space    used 4366K, committed 4928K, reserved 1048576K
GC Heap History (20 events):
Event: 9.649 GC heap before
{Heap before GC invocations=10 (full 1):
 PSYoungGen      total 26624K, used 26617K [0x00000000d5580000, 0x00000000d7500000, 0x0000000100000000)
  eden space 24064K, 100% used [0x00000000d5580000,0x00000000d6d00000,0x00000000d6d00000)
  from space 2560K, 99% used [0x00000000d7280000,0x00000000d74fe4e0,0x00000000d7500000)
  to   space 3584K, 0% used [0x00000000d6e00000,0x00000000d6e00000,0x00000000d7180000)
 ParOldGen       total 68608K, used 13217K [0x0000000080000000, 0x0000000084300000, 0x00000000d5580000)
  object space 68608K, 19% used [0x0000000080000000,0x0000000080ce8568,0x0000000084300000)
 Metaspace       used 26020K, committed 26880K, reserved 1114112K
  class space    used 2649K, committed 3008K, reserved 1048576K
}
Event: 9.654 GC heap after
{Heap after GC invocations=10 (full 1):
 PSYoungGen      total 27136K, used 3248K [0x00000000d5580000, 0x00000000d7380000, 0x0000000100000000)
  eden space 23552K, 0% used [0x00000000d5580000,0x00000000d5580000,0x00000000d6c80000)
  from space 3584K, 90% used [0x00000000d6e00000,0x00000000d712c1c0,0x00000000d7180000)
  to   space 2048K, 0% used [0x00000000d7180000,0x00000000d7180000,0x00000000d7380000)
 ParOldGen       total 68608K, used 13217K [0x0000000080000000, 0x0000000084300000, 0x00000000d5580000)
  object space 68608K, 19% used [0x0000000080000000,0x0000000080ce8568,0x0000000084300000)
 Metaspace       used 26020K, committed 26880K, reserved 1114112K
  class space    used 2649K, committed 3008K, reserved 1048576K
}
Event: 10.068 GC heap before
{Heap before GC invocations=11 (full 1):
 PSYoungGen      total 27136K, used 26800K [0x00000000d5580000, 0x00000000d7380000, 0x0000000100000000)
  eden space 23552K, 100% used [0x00000000d5580000,0x00000000d6c80000,0x00000000d6c80000)
  from space 3584K, 90% used [0x00000000d6e00000,0x00000000d712c1c0,0x00000000d7180000)
  to   space 2048K, 0% used [0x00000000d7180000,0x00000000d7180000,0x00000000d7380000)
 ParOldGen       total 68608K, used 13217K [0x0000000080000000, 0x0000000084300000, 0x00000000d5580000)
  object space 68608K, 19% used [0x0000000080000000,0x0000000080ce8568,0x0000000084300000)
 Metaspace       used 27990K, committed 28992K, reserved 1114112K
  class space    used 2815K, committed 3264K, reserved 1048576K
}
Event: 10.071 GC heap after
{Heap after GC invocations=11 (full 1):
 PSYoungGen      total 25088K, used 1883K [0x00000000d5580000, 0x00000000d7380000, 0x0000000100000000)
  eden space 23040K, 0% used [0x00000000d5580000,0x00000000d5580000,0x00000000d6c00000)
  from space 2048K, 91% used [0x00000000d7180000,0x00000000d7356da0,0x00000000d7380000)
  to   space 2560K, 0% used [0x00000000d6e80000,0x00000000d6e80000,0x00000000d7100000)
 ParOldGen       total 68608K, used 14968K [0x0000000080000000, 0x0000000084300000, 0x00000000d5580000)
  object space 68608K, 21% used [0x0000000080000000,0x0000000080e9e260,0x0000000084300000)
 Metaspace       used 27990K, committed 28992K, reserved 1114112K
  class space    used 2815K, committed 3264K, reserved 1048576K
}
Event: 10.627 GC heap before
{Heap before GC invocations=12 (full 1):
 PSYoungGen      total 25088K, used 24923K [0x00000000d5580000, 0x00000000d7380000, 0x0000000100000000)
  eden space 23040K, 100% used [0x00000000d5580000,0x00000000d6c00000,0x00000000d6c00000)
  from space 2048K, 91% used [0x00000000d7180000,0x00000000d7356da0,0x00000000d7380000)
  to   space 2560K, 0% used [0x00000000d6e80000,0x00000000d6e80000,0x00000000d7100000)
 ParOldGen       total 68608K, used 14985K [0x0000000080000000, 0x0000000084300000, 0x00000000d5580000)
  object space 68608K, 21% used [0x0000000080000000,0x0000000080ea25a0,0x0000000084300000)
 Metaspace       used 30741K, committed 31744K, reserved 1114112K
  class space    used 3160K, committed 3584K, reserved 1048576K
}
Event: 10.630 GC heap after
{Heap after GC invocations=12 (full 1):
 PSYoungGen      total 24576K, used 1489K [0x00000000d5580000, 0x00000000d7200000, 0x0000000100000000)
  eden space 23040K, 0% used [0x00000000d5580000,0x00000000d5580000,0x00000000d6c00000)
  from space 1536K, 96% used [0x00000000d6e80000,0x00000000d6ff45d8,0x00000000d7000000)
  to   space 2048K, 0% used [0x00000000d7000000,0x00000000d7000000,0x00000000d7200000)
 ParOldGen       total 68608K, used 16612K [0x0000000080000000, 0x0000000084300000, 0x00000000d5580000)
  object space 68608K, 24% used [0x0000000080000000,0x00000000810393c8,0x0000000084300000)
 Metaspace       used 30741K, committed 31744K, reserved 1114112K
  class space    used 3160K, committed 3584K, reserved 1048576K
}
Event: 10.985 GC heap before
{Heap before GC invocations=13 (full 1):
 PSYoungGen      total 24576K, used 24529K [0x00000000d5580000, 0x00000000d7200000, 0x0000000100000000)
  eden space 23040K, 100% used [0x00000000d5580000,0x00000000d6c00000,0x00000000d6c00000)
  from space 1536K, 96% used [0x00000000d6e80000,0x00000000d6ff45d8,0x00000000d7000000)
  to   space 2048K, 0% used [0x00000000d7000000,0x00000000d7000000,0x00000000d7200000)
 ParOldGen       total 68608K, used 16619K [0x0000000080000000, 0x0000000084300000, 0x00000000d5580000)
  object space 68608K, 24% used [0x0000000080000000,0x000000008103afa8,0x0000000084300000)
 Metaspace       used 33421K, committed 34432K, reserved 1114112K
  class space    used 3469K, committed 3904K, reserved 1048576K
}
Event: 10.988 GC heap after
{Heap after GC invocations=13 (full 1):
 PSYoungGen      total 24064K, used 1482K [0x00000000d5580000, 0x00000000d7180000, 0x0000000100000000)
  eden space 22528K, 0% used [0x00000000d5580000,0x00000000d5580000,0x00000000d6b80000)
  from space 1536K, 96% used [0x00000000d7000000,0x00000000d7172a80,0x00000000d7180000)
  to   space 1536K, 0% used [0x00000000d6e80000,0x00000000d6e80000,0x00000000d7000000)
 ParOldGen       total 68608K, used 17688K [0x0000000080000000, 0x0000000084300000, 0x00000000d5580000)
  object space 68608K, 25% used [0x0000000080000000,0x0000000081146388,0x0000000084300000)
 Metaspace       used 33421K, committed 34432K, reserved 1114112K
  class space    used 3469K, committed 3904K, reserved 1048576K
}
Event: 11.276 GC heap before
{Heap before GC invocations=14 (full 1):
 PSYoungGen      total 24064K, used 18091K [0x00000000d5580000, 0x00000000d7180000, 0x0000000100000000)
  eden space 22528K, 73% used [0x00000000d5580000,0x00000000d65b84b0,0x00000000d6b80000)
  from space 1536K, 96% used [0x00000000d7000000,0x00000000d7172a80,0x00000000d7180000)
  to   space 1536K, 0% used [0x00000000d6e80000,0x00000000d6e80000,0x00000000d7000000)
 ParOldGen       total 68608K, used 17688K [0x0000000080000000, 0x0000000084300000, 0x00000000d5580000)
  object space 68608K, 25% used [0x0000000080000000,0x0000000081146388,0x0000000084300000)
 Metaspace       used 34831K, committed 35904K, reserved 1114112K
  class space    used 3649K, committed 4096K, reserved 1048576K
}
Event: 11.283 GC heap after
{Heap after GC invocations=14 (full 1):
 PSYoungGen      total 24064K, used 1041K [0x00000000d5580000, 0x00000000d7080000, 0x0000000100000000)
  eden space 22528K, 0% used [0x00000000d5580000,0x00000000d5580000,0x00000000d6b80000)
  from space 1536K, 67% used [0x00000000d6e80000,0x00000000d6f846e0,0x00000000d7000000)
  to   space 512K, 0% used [0x00000000d7000000,0x00000000d7000000,0x00000000d7080000)
 ParOldGen       total 68608K, used 18828K [0x0000000080000000, 0x0000000084300000, 0x00000000d5580000)
  object space 68608K, 27% used [0x0000000080000000,0x0000000081263360,0x0000000084300000)
 Metaspace       used 34831K, committed 35904K, reserved 1114112K
  class space    used 3649K, committed 4096K, reserved 1048576K
}
Event: 11.343 GC heap before
{Heap before GC invocations=15 (full 1):
 PSYoungGen      total 24064K, used 4487K [0x00000000d5580000, 0x00000000d7080000, 0x0000000100000000)
  eden space 22528K, 15% used [0x00000000d5580000,0x00000000d58dd870,0x00000000d6b80000)
  from space 1536K, 67% used [0x00000000d6e80000,0x00000000d6f846e0,0x00000000d7000000)
  to   space 512K, 0% used [0x00000000d7000000,0x00000000d7000000,0x00000000d7080000)
 ParOldGen       total 68608K, used 18828K [0x0000000080000000, 0x0000000084300000, 0x00000000d5580000)
  object space 68608K, 27% used [0x0000000080000000,0x0000000081263360,0x0000000084300000)
 Metaspace       used 35135K, committed 36160K, reserved 1114112K
  class space    used 3684K, committed 4160K, reserved 1048576K
}
Event: 11.345 GC heap after
{Heap after GC invocations=15 (full 1):
 PSYoungGen      total 23040K, used 504K [0x00000000d5580000, 0x00000000d7080000, 0x0000000100000000)
  eden space 22528K, 0% used [0x00000000d5580000,0x00000000d5580000,0x00000000d6b80000)
  from space 512K, 98% used [0x00000000d7000000,0x00000000d707e0b8,0x00000000d7080000)
  to   space 1536K, 0% used [0x00000000d6d80000,0x00000000d6d80000,0x00000000d6f00000)
 ParOldGen       total 68608K, used 19685K [0x0000000080000000, 0x0000000084300000, 0x00000000d5580000)
  object space 68608K, 28% used [0x0000000080000000,0x0000000081339510,0x0000000084300000)
 Metaspace       used 35135K, committed 36160K, reserved 1114112K
  class space    used 3684K, committed 4160K, reserved 1048576K
}
Event: 11.345 GC heap before
{Heap before GC invocations=16 (full 2):
 PSYoungGen      total 23040K, used 504K [0x00000000d5580000, 0x00000000d7080000, 0x0000000100000000)
  eden space 22528K, 0% used [0x00000000d5580000,0x00000000d5580000,0x00000000d6b80000)
  from space 512K, 98% used [0x00000000d7000000,0x00000000d707e0b8,0x00000000d7080000)
  to   space 1536K, 0% used [0x00000000d6d80000,0x00000000d6d80000,0x00000000d6f00000)
 ParOldGen       total 68608K, used 19685K [0x0000000080000000, 0x0000000084300000, 0x00000000d5580000)
  object space 68608K, 28% used [0x0000000080000000,0x0000000081339510,0x0000000084300000)
 Metaspace       used 35135K, committed 36160K, reserved 1114112K
  class space    used 3684K, committed 4160K, reserved 1048576K
}
Event: 11.392 GC heap after
{Heap after GC invocations=16 (full 2):
 PSYoungGen      total 23040K, used 0K [0x00000000d5580000, 0x00000000d7080000, 0x0000000100000000)
  eden space 22528K, 0% used [0x00000000d5580000,0x00000000d5580000,0x00000000d6b80000)
  from space 512K, 0% used [0x00000000d7000000,0x00000000d7000000,0x00000000d7080000)
  to   space 1536K, 0% used [0x00000000d6d80000,0x00000000d6d80000,0x00000000d6f00000)
 ParOldGen       total 68608K, used 19120K [0x0000000080000000, 0x0000000084300000, 0x00000000d5580000)
  object space 68608K, 27% used [0x0000000080000000,0x00000000812ac238,0x0000000084300000)
 Metaspace       used 35135K, committed 36160K, reserved 1114112K
  class space    used 3684K, committed 4160K, reserved 1048576K
}
Event: 11.823 GC heap before
{Heap before GC invocations=17 (full 2):
 PSYoungGen      total 23040K, used 22528K [0x00000000d5580000, 0x00000000d7080000, 0x0000000100000000)
  eden space 22528K, 100% used [0x00000000d5580000,0x00000000d6b80000,0x00000000d6b80000)
  from space 512K, 0% used [0x00000000d7000000,0x00000000d7000000,0x00000000d7080000)
  to   space 1536K, 0% used [0x00000000d6d80000,0x00000000d6d80000,0x00000000d6f00000)
 ParOldGen       total 68608K, used 19120K [0x0000000080000000, 0x0000000084300000, 0x00000000d5580000)
  object space 68608K, 27% used [0x0000000080000000,0x00000000812ac238,0x0000000084300000)
 Metaspace       used 37591K, committed 38784K, reserved 1114112K
  class space    used 3982K, committed 4544K, reserved 1048576K
}
Event: 11.828 GC heap after
{Heap after GC invocations=17 (full 2):
 PSYoungGen      total 23552K, used 1107K [0x00000000d5580000, 0x00000000d7080000, 0x0000000100000000)
  eden space 22016K, 0% used [0x00000000d5580000,0x00000000d5580000,0x00000000d6b00000)
  from space 1536K, 72% used [0x00000000d6d80000,0x00000000d6e94db8,0x00000000d6f00000)
  to   space 1536K, 0% used [0x00000000d6f00000,0x00000000d6f00000,0x00000000d7080000)
 ParOldGen       total 68608K, used 19128K [0x0000000080000000, 0x0000000084300000, 0x00000000d5580000)
  object space 68608K, 27% used [0x0000000080000000,0x00000000812ae238,0x0000000084300000)
 Metaspace       used 37591K, committed 38784K, reserved 1114112K
  class space    used 3982K, committed 4544K, reserved 1048576K
}
Event: 12.189 GC heap before
{Heap before GC invocations=18 (full 2):
 PSYoungGen      total 23552K, used 23123K [0x00000000d5580000, 0x00000000d7080000, 0x0000000100000000)
  eden space 22016K, 100% used [0x00000000d5580000,0x00000000d6b00000,0x00000000d6b00000)
  from space 1536K, 72% used [0x00000000d6d80000,0x00000000d6e94db8,0x00000000d6f00000)
  to   space 1536K, 0% used [0x00000000d6f00000,0x00000000d6f00000,0x00000000d7080000)
 ParOldGen       total 68608K, used 19128K [0x0000000080000000, 0x0000000084300000, 0x00000000d5580000)
  object space 68608K, 27% used [0x0000000080000000,0x00000000812ae238,0x0000000084300000)
 Metaspace       used 39509K, committed 40832K, reserved 1114112K
  class space    used 4196K, committed 4800K, reserved 1048576K
}
Event: 12.194 GC heap after
{Heap after GC invocations=18 (full 2):
 PSYoungGen      total 23552K, used 1520K [0x00000000d5580000, 0x00000000d7200000, 0x0000000100000000)
  eden space 22016K, 0% used [0x00000000d5580000,0x00000000d5580000,0x00000000d6b00000)
  from space 1536K, 98% used [0x00000000d6f00000,0x00000000d707c030,0x00000000d7080000)
  to   space 3584K, 0% used [0x00000000d6b00000,0x00000000d6b00000,0x00000000d6e80000)
 ParOldGen       total 68608K, used 20638K [0x0000000080000000, 0x0000000084300000, 0x00000000d5580000)
  object space 68608K, 30% used [0x0000000080000000,0x0000000081427810,0x0000000084300000)
 Metaspace       used 39509K, committed 40832K, reserved 1114112K
  class space    used 4196K, committed 4800K, reserved 1048576K
}
Event: 12.336 GC heap before
{Heap before GC invocations=19 (full 2):
 PSYoungGen      total 23552K, used 23536K [0x00000000d5580000, 0x00000000d7200000, 0x0000000100000000)
  eden space 22016K, 100% used [0x00000000d5580000,0x00000000d6b00000,0x00000000d6b00000)
  from space 1536K, 98% used [0x00000000d6f00000,0x00000000d707c030,0x00000000d7080000)
  to   space 3584K, 0% used [0x00000000d6b00000,0x00000000d6b00000,0x00000000d6e80000)
 ParOldGen       total 68608K, used 20638K [0x0000000080000000, 0x0000000084300000, 0x00000000d5580000)
  object space 68608K, 30% used [0x0000000080000000,0x0000000081427810,0x0000000084300000)
 Metaspace       used 40282K, committed 41536K, reserved 1114112K
  class space    used 4288K, committed 4864K, reserved 1048576K
}
Event: 14.347 GC heap after
{Heap after GC invocations=19 (full 2):
 PSYoungGen      total 25600K, used 2196K [0x00000000d5580000, 0x00000000d7900000, 0x0000000100000000)
  eden space 22016K, 0% used [0x00000000d5580000,0x00000000d5580000,0x00000000d6b00000)
  from space 3584K, 61% used [0x00000000d6b00000,0x00000000d6d25380,0x00000000d6e80000)
  to   space 2560K, 0% used [0x00000000d7680000,0x00000000d7680000,0x00000000d7900000)
 ParOldGen       total 68608K, used 22150K [0x0000000080000000, 0x0000000084300000, 0x00000000d5580000)
  object space 68608K, 32% used [0x0000000080000000,0x00000000815a1ba8,0x0000000084300000)
 Metaspace       used 40282K, committed 41536K, reserved 1114112K
  class space    used 4288K, committed 4864K, reserved 1048576K
}

