# JRE version: OpenJDK Runtime Environment Temurin-21.0.10+7 (21.0.10+7) (build 21.0.10+7-LTS)
# Java VM: OpenJDK 64-Bit Server VM Temurin-21.0.10+7 (21.0.10+7-LTS, mixed mode, sharing, tiered, compressed oops, compressed class ptrs, parallel gc, windows-amd64)
GC Precious Log:
 CardTable entry size: 512
 CPUs: 12 total, 12 available
 Memory: 16068M
 Large Page Support: Disabled
 NUMA Support: Disabled
 Compressed Oops: Enabled (32-bit)
 Alignments: Space 512K, Generation 512K, Heap 2M
 Heap Min Capacity: 100M
 Heap Initial Capacity: 100M
 Heap Max Capacity: 2G
 Pre-touch: Disabled
 Parallel Workers: 10
Heap:
 PSYoungGen      total 8704K, used 2842K [0x00000000d5580000, 0x00000000d6300000, 0x0000000100000000)
  eden space 6144K, 5% used [0x00000000d5580000,0x00000000d55d9800,0x00000000d5b80000)
  from space 2560K, 97% used [0x00000000d6080000,0x00000000d62ed218,0x00000000d6300000)
  to   space 3072K, 0% used [0x00000000d5d00000,0x00000000d5d00000,0x00000000d6000000)
 ParOldGen       total 202752K, used 202261K [0x0000000080000000, 0x000000008c600000, 0x00000000d5580000)
  object space 202752K, 99% used [0x0000000080000000,0x000000008c5855c0,0x000000008c600000)
 Metaspace       used 64439K, committed 65920K, reserved 1114112K
  class space    used 6913K, committed 7552K, reserved 1048576K
GC Heap History (20 events):
Event: 227.019 GC heap before
{Heap before GC invocations=164 (full 3):
 PSYoungGen      total 6656K, used 6400K [0x00000000d5580000, 0x00000000d5d00000, 0x0000000100000000)
  eden space 6144K, 100% used [0x00000000d5580000,0x00000000d5b80000,0x00000000d5b80000)
  from space 512K, 50% used [0x00000000d5c80000,0x00000000d5cc0000,0x00000000d5d00000)
  to   space 512K, 0% used [0x00000000d5c00000,0x00000000d5c00000,0x00000000d5c80000)
 ParOldGen       total 194560K, used 194440K [0x0000000080000000, 0x000000008be00000, 0x00000000d5580000)
  object space 194560K, 99% used [0x0000000080000000,0x000000008bde2070,0x000000008be00000)
 Metaspace       used 63446K, committed 64960K, reserved 1114112K
  class space    used 6797K, committed 7424K, reserved 1048576K
}
Event: 227.020 GC heap after
{Heap after GC invocations=164 (full 3):
 PSYoungGen      total 6656K, used 427K [0x00000000d5580000, 0x00000000d5d00000, 0x0000000100000000)
  eden space 6144K, 0% used [0x00000000d5580000,0x00000000d5580000,0x00000000d5b80000)
  from space 512K, 83% used [0x00000000d5c00000,0x00000000d5c6ae78,0x00000000d5c80000)
  to   space 512K, 0% used [0x00000000d5c80000,0x00000000d5c80000,0x00000000d5d00000)
 ParOldGen       total 195072K, used 194624K [0x0000000080000000, 0x000000008be80000, 0x00000000d5580000)
  object space 195072K, 99% used [0x0000000080000000,0x000000008be10070,0x000000008be80000)
 Metaspace       used 63446K, committed 64960K, reserved 1114112K
  class space    used 6797K, committed 7424K, reserved 1048576K
}
Event: 227.037 GC heap before
{Heap before GC invocations=165 (full 3):
 PSYoungGen      total 6656K, used 6571K [0x00000000d5580000, 0x00000000d5d00000, 0x0000000100000000)
  eden space 6144K, 100% used [0x00000000d5580000,0x00000000d5b80000,0x00000000d5b80000)
  from space 512K, 83% used [0x00000000d5c00000,0x00000000d5c6ae78,0x00000000d5c80000)
  to   space 512K, 0% used [0x00000000d5c80000,0x00000000d5c80000,0x00000000d5d00000)
 ParOldGen       total 195072K, used 194624K [0x0000000080000000, 0x000000008be80000, 0x00000000d5580000)
  object space 195072K, 99% used [0x0000000080000000,0x000000008be10070,0x000000008be80000)
 Metaspace       used 63450K, committed 64960K, reserved 1114112K
  class space    used 6797K, committed 7424K, reserved 1048576K
}
Event: 227.038 GC heap after
{Heap after GC invocations=165 (full 3):
 PSYoungGen      total 6656K, used 497K [0x00000000d5580000, 0x00000000d5d80000, 0x0000000100000000)
  eden space 6144K, 0% used [0x00000000d5580000,0x00000000d5580000,0x00000000d5b80000)
  from space 512K, 97% used [0x00000000d5c80000,0x00000000d5cfc578,0x00000000d5d00000)
  to   space 1024K, 0% used [0x00000000d5b80000,0x00000000d5b80000,0x00000000d5c80000)
 ParOldGen       total 195072K, used 194999K [0x0000000080000000, 0x000000008be80000, 0x00000000d5580000)
  object space 195072K, 99% used [0x0000000080000000,0x000000008be6ded0,0x000000008be80000)
 Metaspace       used 63450K, committed 64960K, reserved 1114112K
  class space    used 6797K, committed 7424K, reserved 1048576K
}
Event: 227.046 GC heap before
{Heap before GC invocations=166 (full 3):
 PSYoungGen      total 6656K, used 6641K [0x00000000d5580000, 0x00000000d5d80000, 0x0000000100000000)
  eden space 6144K, 100% used [0x00000000d5580000,0x00000000d5b80000,0x00000000d5b80000)
  from space 512K, 97% used [0x00000000d5c80000,0x00000000d5cfc578,0x00000000d5d00000)
  to   space 1024K, 0% used [0x00000000d5b80000,0x00000000d5b80000,0x00000000d5c80000)
 ParOldGen       total 195072K, used 194999K [0x0000000080000000, 0x000000008be80000, 0x00000000d5580000)
  object space 195072K, 99% used [0x0000000080000000,0x000000008be6ded0,0x000000008be80000)
 Metaspace       used 63450K, committed 64960K, reserved 1114112K
  class space    used 6797K, committed 7424K, reserved 1048576K
}
Event: 227.047 GC heap after
{Heap after GC invocations=166 (full 3):
 PSYoungGen      total 7168K, used 447K [0x00000000d5580000, 0x00000000d5d80000, 0x0000000100000000)
  eden space 6144K, 0% used [0x00000000d5580000,0x00000000d5580000,0x00000000d5b80000)
  from space 1024K, 43% used [0x00000000d5b80000,0x00000000d5beffa0,0x00000000d5c80000)
  to   space 1024K, 0% used [0x00000000d5c80000,0x00000000d5c80000,0x00000000d5d80000)
 ParOldGen       total 195584K, used 195387K [0x0000000080000000, 0x000000008bf00000, 0x00000000d5580000)
  object space 195584K, 99% used [0x0000000080000000,0x000000008becef40,0x000000008bf00000)
 Metaspace       used 63450K, committed 64960K, reserved 1114112K
  class space    used 6797K, committed 7424K, reserved 1048576K
}
Event: 227.061 GC heap before
{Heap before GC invocations=167 (full 3):
 PSYoungGen      total 7168K, used 6591K [0x00000000d5580000, 0x00000000d5d80000, 0x0000000100000000)
  eden space 6144K, 100% used [0x00000000d5580000,0x00000000d5b80000,0x00000000d5b80000)
  from space 1024K, 43% used [0x00000000d5b80000,0x00000000d5beffa0,0x00000000d5c80000)
  to   space 1024K, 0% used [0x00000000d5c80000,0x00000000d5c80000,0x00000000d5d80000)
 ParOldGen       total 195584K, used 195387K [0x0000000080000000, 0x000000008bf00000, 0x00000000d5580000)
  object space 195584K, 99% used [0x0000000080000000,0x000000008becef40,0x000000008bf00000)
 Metaspace       used 63454K, committed 64960K, reserved 1114112K
  class space    used 6797K, committed 7424K, reserved 1048576K
}
Event: 227.063 GC heap after
{Heap after GC invocations=167 (full 3):
 PSYoungGen      total 6656K, used 352K [0x00000000d5580000, 0x00000000d5d00000, 0x0000000100000000)
  eden space 6144K, 0% used [0x00000000d5580000,0x00000000d5580000,0x00000000d5b80000)
  from space 512K, 68% used [0x00000000d5c80000,0x00000000d5cd8000,0x00000000d5d00000)
  to   space 512K, 0% used [0x00000000d5c00000,0x00000000d5c00000,0x00000000d5c80000)
 ParOldGen       total 196096K, used 195675K [0x0000000080000000, 0x000000008bf80000, 0x00000000d5580000)
  object space 196096K, 99% used [0x0000000080000000,0x000000008bf16e70,0x000000008bf80000)
 Metaspace       used 63454K, committed 64960K, reserved 1114112K
  class space    used 6797K, committed 7424K, reserved 1048576K
}
Event: 227.095 GC heap before
{Heap before GC invocations=168 (full 3):
 PSYoungGen      total 6656K, used 6496K [0x00000000d5580000, 0x00000000d5d00000, 0x0000000100000000)
  eden space 6144K, 100% used [0x00000000d5580000,0x00000000d5b80000,0x00000000d5b80000)
  from space 512K, 68% used [0x00000000d5c80000,0x00000000d5cd8000,0x00000000d5d00000)
  to   space 512K, 0% used [0x00000000d5c00000,0x00000000d5c00000,0x00000000d5c80000)
 ParOldGen       total 196096K, used 195675K [0x0000000080000000, 0x000000008bf80000, 0x00000000d5580000)
  object space 196096K, 99% used [0x0000000080000000,0x000000008bf16e70,0x000000008bf80000)
 Metaspace       used 63508K, committed 64960K, reserved 1114112K
  class space    used 6810K, committed 7424K, reserved 1048576K
}
Event: 227.097 GC heap after
{Heap after GC invocations=168 (full 3):
 PSYoungGen      total 6656K, used 511K [0x00000000d5580000, 0x00000000d5d80000, 0x0000000100000000)
  eden space 6144K, 0% used [0x00000000d5580000,0x00000000d5580000,0x00000000d5b80000)
  from space 512K, 99% used [0x00000000d5c00000,0x00000000d5c7ff70,0x00000000d5c80000)
  to   space 1024K, 0% used [0x00000000d5c80000,0x00000000d5c80000,0x00000000d5d80000)
 ParOldGen       total 196096K, used 196010K [0x0000000080000000, 0x000000008bf80000, 0x00000000d5580000)
  object space 196096K, 99% used [0x0000000080000000,0x000000008bf6ab30,0x000000008bf80000)
 Metaspace       used 63508K, committed 64960K, reserved 1114112K
  class space    used 6810K, committed 7424K, reserved 1048576K
}
Event: 227.149 GC heap before
{Heap before GC invocations=169 (full 3):
 PSYoungGen      total 6656K, used 6655K [0x00000000d5580000, 0x00000000d5d80000, 0x0000000100000000)
  eden space 6144K, 100% used [0x00000000d5580000,0x00000000d5b80000,0x00000000d5b80000)
  from space 512K, 99% used [0x00000000d5c00000,0x00000000d5c7ff70,0x00000000d5c80000)
  to   space 1024K, 0% used [0x00000000d5c80000,0x00000000d5c80000,0x00000000d5d80000)
 ParOldGen       total 196096K, used 196010K [0x0000000080000000, 0x000000008bf80000, 0x00000000d5580000)
  object space 196096K, 99% used [0x0000000080000000,0x000000008bf6ab30,0x000000008bf80000)
 Metaspace       used 63592K, committed 65152K, reserved 1114112K
  class space    used 6815K, committed 7488K, reserved 1048576K
}
Event: 227.151 GC heap after
{Heap after GC invocations=169 (full 3):
 PSYoungGen      total 7168K, used 951K [0x00000000d5580000, 0x00000000d5d80000, 0x0000000100000000)
  eden space 6144K, 0% used [0x00000000d5580000,0x00000000d5580000,0x00000000d5b80000)
  from space 1024K, 92% used [0x00000000d5c80000,0x00000000d5d6dd68,0x00000000d5d80000)
  to   space 1024K, 0% used [0x00000000d5b80000,0x00000000d5b80000,0x00000000d5c80000)
 ParOldGen       total 197632K, used 197249K [0x0000000080000000, 0x000000008c100000, 0x00000000d5580000)
  object space 197632K, 99% used [0x0000000080000000,0x000000008c0a0450,0x000000008c100000)
 Metaspace       used 63592K, committed 65152K, reserved 1114112K
  class space    used 6815K, committed 7488K, reserved 1048576K
}
Event: 310.865 GC heap before
{Heap before GC invocations=170 (full 3):
 PSYoungGen      total 7168K, used 7095K [0x00000000d5580000, 0x00000000d5d80000, 0x0000000100000000)
  eden space 6144K, 100% used [0x00000000d5580000,0x00000000d5b80000,0x00000000d5b80000)
  from space 1024K, 92% used [0x00000000d5c80000,0x00000000d5d6dd68,0x00000000d5d80000)
  to   space 1024K, 0% used [0x00000000d5b80000,0x00000000d5b80000,0x00000000d5c80000)
 ParOldGen       total 197632K, used 197249K [0x0000000080000000, 0x000000008c100000, 0x00000000d5580000)
  object space 197632K, 99% used [0x0000000080000000,0x000000008c0a0450,0x000000008c100000)
 Metaspace       used 63877K, committed 65408K, reserved 1114112K
  class space    used 6839K, committed 7488K, reserved 1048576K
}
Event: 310.869 GC heap after
{Heap after GC invocations=170 (full 3):
 PSYoungGen      total 7168K, used 384K [0x00000000d5580000, 0x00000000d5d80000, 0x0000000100000000)
  eden space 6144K, 0% used [0x00000000d5580000,0x00000000d5580000,0x00000000d5b80000)
  from space 1024K, 37% used [0x00000000d5b80000,0x00000000d5be0000,0x00000000d5c80000)
  to   space 1024K, 0% used [0x00000000d5c80000,0x00000000d5c80000,0x00000000d5d80000)
 ParOldGen       total 198144K, used 197935K [0x0000000080000000, 0x000000008c180000, 0x00000000d5580000)
  object space 198144K, 99% used [0x0000000080000000,0x000000008c14bf58,0x000000008c180000)
 Metaspace       used 63877K, committed 65408K, reserved 1114112K
  class space    used 6839K, committed 7488K, reserved 1048576K
}
Event: 618.880 GC heap before
{Heap before GC invocations=171 (full 3):
 PSYoungGen      total 7168K, used 6528K [0x00000000d5580000, 0x00000000d5d80000, 0x0000000100000000)
  eden space 6144K, 100% used [0x00000000d5580000,0x00000000d5b80000,0x00000000d5b80000)
  from space 1024K, 37% used [0x00000000d5b80000,0x00000000d5be0000,0x00000000d5c80000)
  to   space 1024K, 0% used [0x00000000d5c80000,0x00000000d5c80000,0x00000000d5d80000)
 ParOldGen       total 198144K, used 197935K [0x0000000080000000, 0x000000008c180000, 0x00000000d5580000)
  object space 198144K, 99% used [0x0000000080000000,0x000000008c14bf58,0x000000008c180000)
 Metaspace       used 64280K, committed 65792K, reserved 1114112K
  class space    used 6883K, committed 7552K, reserved 1048576K
}
Event: 618.882 GC heap after
{Heap after GC invocations=171 (full 3):
 PSYoungGen      total 7168K, used 622K [0x00000000d5580000, 0x00000000d5d80000, 0x0000000100000000)
  eden space 6144K, 0% used [0x00000000d5580000,0x00000000d5580000,0x00000000d5b80000)
  from space 1024K, 60% used [0x00000000d5c80000,0x00000000d5d1bb40,0x00000000d5d80000)
  to   space 1024K, 0% used [0x00000000d5b80000,0x00000000d5b80000,0x00000000d5c80000)
 ParOldGen       total 198144K, used 198111K [0x0000000080000000, 0x000000008c180000, 0x00000000d5580000)
  object space 198144K, 99% used [0x0000000080000000,0x000000008c177f58,0x000000008c180000)
 Metaspace       used 64280K, committed 65792K, reserved 1114112K
  class space    used 6883K, committed 7552K, reserved 1048576K
}
Event: 618.984 GC heap before
{Heap before GC invocations=172 (full 3):
 PSYoungGen      total 7168K, used 6760K [0x00000000d5580000, 0x00000000d5d80000, 0x0000000100000000)
  eden space 6144K, 99% used [0x00000000d5580000,0x00000000d5b7e4e0,0x00000000d5b80000)
  from space 1024K, 60% used [0x00000000d5c80000,0x00000000d5d1bb40,0x00000000d5d80000)
  to   space 1024K, 0% used [0x00000000d5b80000,0x00000000d5b80000,0x00000000d5c80000)
 ParOldGen       total 198144K, used 198111K [0x0000000080000000, 0x000000008c180000, 0x00000000d5580000)
  object space 198144K, 99% used [0x0000000080000000,0x000000008c177f58,0x000000008c180000)
 Metaspace       used 64288K, committed 65792K, reserved 1114112K
  class space    used 6883K, committed 7552K, reserved 1048576K
}
Event: 618.988 GC heap after
{Heap after GC invocations=172 (full 3):
 PSYoungGen      total 7168K, used 1010K [0x00000000d5580000, 0x00000000d6580000, 0x0000000100000000)
  eden space 6144K, 0% used [0x00000000d5580000,0x00000000d5580000,0x00000000d5b80000)
  from space 1024K, 98% used [0x00000000d5b80000,0x00000000d5c7cbc8,0x00000000d5c80000)
  to   space 5120K, 0% used [0x00000000d6080000,0x00000000d6080000,0x00000000d6580000)
 ParOldGen       total 201728K, used 201246K [0x0000000080000000, 0x000000008c500000, 0x00000000d5580000)
  object space 201728K, 99% used [0x0000000080000000,0x000000008c487848,0x000000008c500000)
 Metaspace       used 64288K, committed 65792K, reserved 1114112K
  class space    used 6883K, committed 7552K, reserved 1048576K
}
Event: 619.126 GC heap before
{Heap before GC invocations=173 (full 3):
 PSYoungGen      total 7168K, used 7154K [0x00000000d5580000, 0x00000000d6580000, 0x0000000100000000)
  eden space 6144K, 100% used [0x00000000d5580000,0x00000000d5b80000,0x00000000d5b80000)
  from space 1024K, 98% used [0x00000000d5b80000,0x00000000d5c7cbc8,0x00000000d5c80000)
  to   space 5120K, 0% used [0x00000000d6080000,0x00000000d6080000,0x00000000d6580000)
 ParOldGen       total 201728K, used 201246K [0x0000000080000000, 0x000000008c500000, 0x00000000d5580000)
  object space 201728K, 99% used [0x0000000080000000,0x000000008c487848,0x000000008c500000)
 Metaspace       used 64436K, committed 65920K, reserved 1114112K
  class space    used 6912K, committed 7552K, reserved 1048576K
}
Event: 619.132 GC heap after
{Heap after GC invocations=173 (full 3):
 PSYoungGen      total 8704K, used 2484K [0x00000000d5580000, 0x00000000d6300000, 0x0000000100000000)
  eden space 6144K, 0% used [0x00000000d5580000,0x00000000d5580000,0x00000000d5b80000)
  from space 2560K, 97% used [0x00000000d6080000,0x00000000d62ed218,0x00000000d6300000)
  to   space 3072K, 0% used [0x00000000d5d00000,0x00000000d5d00000,0x00000000d6000000)
 ParOldGen       total 202752K, used 202261K [0x0000000080000000, 0x000000008c600000, 0x00000000d5580000)
  object space 202752K, 99% used [0x0000000080000000,0x000000008c5855c0,0x000000008c600000)
 Metaspace       used 64436K, committed 65920K, reserved 1114112K
  class space    used 6912K, committed 7552K, reserved 1048576K
}

